<?xml version="1.0" encoding="UTF-8"?>
<testsuite xmlns:xsi="http://www.w3.org/2001/XMLSchema-instance" xsi:noNamespaceSchemaLocation="https://maven.apache.org/surefire/maven-surefire-plugin/xsd/surefire-test-report.xsd" name="BaccaratDealerTest" time="0.074" tests="9" errors="0" skipped="0" failures="0">
  <properties>
[...]
</properties>
  <testcase name="dealHandTestTwo" classname="BaccaratDealerTest" time="0.046"/>
  <testcase name="DealerCopyConTest" classname="BaccaratDealerTest" time="0.002"/>
  <testcase name="dealHandTest" classname="BaccaratDealerTest" time="0.001"/>
  <testcase name="shuffleTest" classname="BaccaratDealerTest" time="0.001"/>
  <testcase name="shuffleTestTwo" classname="BaccaratDealerTest" time="0.001"/>
  <testcase name="genDeckTest" classname="BaccaratDealerTest" time="0.001"/>
  <testcase name="DealerArgConTest" classname="BaccaratDealerTest" time="0.001"/>
  <testcase name="DrawOneTestTwo" classname="BaccaratDealerTest" time="0.001"/>
  <testcase name="drawOneTest" classname="BaccaratDealerTest" time="0.001"/>
</testsuite>